<?xml version="1.0" encoding="utf-8"?><testsuites name="pytest tests"><testsuite name="pytest" errors="0" failures="0" skipped="0" tests="9" time="2.472" timestamp="2026-08-17T09:28:26.631153+00:00" hostname="agent-env-eb7c2e85-9ff6-4f08-ab1d-01347ed47aba"><testcase classname="tests.test_converted_removal" name="test_lead_stats_no_converted" time="0.564" /><testcase classname="tests.test_converted_removal" name="test_lead_stats_ops_no_converted" time="0.445" /><testcase classname="tests.test_converted_removal" name="test_lead_stats_partner_no_converted" time="0.456" /><testcase classname="tests.test_converted_removal" name="test_files_stats_shape" time="0.092" /><testcase classname="tests.test_converted_removal" name="test_status_rejects_converted" time="0.389" /><testcase classname="tests.test_converted_removal" name="test_status_accepts_file" time="0.118" /><testcase classname="tests.test_converted_removal" name="test_filter_by_file" time="0.093" /><testcase classname="tests.test_converted_removal" name="test_filter_by_converted_empty_or_valid" time="0.132" /><testcase classname="tests.test_converted_removal" name="test_partners_converted_leads_counts_file" time="0.125" /></testsuite></testsuites>