<?xml version="1.0" encoding="utf-8"?><testsuites name="pytest tests"><testsuite name="pytest" errors="0" failures="0" skipped="0" tests="18" time="5.317" timestamp="2026-08-17T09:17:29.014297+00:00" hostname="agent-env-eb7c2e85-9ff6-4f08-ab1d-01347ed47aba"><testcase classname="tests.test_calls_files.TestCallLogValidation" name="test_invalid_disposition" time="1.204" /><testcase classname="tests.test_calls_files.TestCallLogValidation" name="test_not_qualified_without_reason" time="0.105" /><testcase classname="tests.test_calls_files.TestCallLogValidation" name="test_not_qualified_with_reason" time="0.112" /><testcase classname="tests.test_calls_files.TestCallDispositions" name="test_valid_dispositions_set_status[NOT_ANSWERING]" time="0.144" /><testcase classname="tests.test_calls_files.TestCallDispositions" name="test_valid_dispositions_set_status[SWITCHED_OFF]" time="0.140" /><testcase classname="tests.test_calls_files.TestCallDispositions" name="test_valid_dispositions_set_status[NOT_INTERESTED]" time="0.166" /><testcase classname="tests.test_calls_files.TestCallDispositions" name="test_valid_dispositions_set_status[CALL_BACK]" time="0.112" /><testcase classname="tests.test_calls_files.TestCallDispositions" name="test_valid_dispositions_set_status[LEAD]" time="0.109" /><testcase classname="tests.test_calls_files.TestFileDispositionAndCard" name="test_file_disposition_creates_file_and_docs" time="0.173" /><testcase classname="tests.test_calls_files.TestFileDispositionAndCard" name="test_patch_file_persists_bank_rows" time="0.290" /><testcase classname="tests.test_calls_files.TestFilesStats" name="test_stats_shape_admin" time="0.113" /><testcase classname="tests.test_calls_files.TestFilesStats" name="test_stats_ops_same_as_admin" time="0.562" /><testcase classname="tests.test_calls_files.TestFilesStats" name="test_stats_partner_scoped" time="0.227" /><testcase classname="tests.test_calls_files.TestRoleAccessCalls" name="test_partner_can_log_call_on_own_lead" time="0.115" /><testcase classname="tests.test_calls_files.TestRoleAccessCalls" name="test_partner_cannot_access_other_lead" time="0.234" /><testcase classname="tests.test_calls_files.TestRoleAccessCalls" name="test_partner_cannot_patch_other_file" time="0.126" /><testcase classname="tests.test_calls_files.TestRoleAccessCalls" name="test_partner_can_patch_own_file" time="0.103" /><testcase classname="tests.test_calls_files.TestStatusFilterLeads" name="test_filter_by_new_statuses" time="1.223" /></testsuite></testsuites>