<?xml version="1.0" encoding="utf-8"?><testsuites name="pytest tests"><testsuite name="pytest" errors="0" failures="0" skipped="0" tests="8" time="3.009" timestamp="2026-08-17T09:46:42.899904+00:00" hostname="agent-env-eb7c2e85-9ff6-4f08-ab1d-01347ed47aba"><testcase classname="tests.test_iter5_calllogs_file.TestCallLogs" name="test_admin_lists_all" time="0.726" /><testcase classname="tests.test_iter5_calllogs_file.TestFileRole" name="test_admin_patch_cascade" time="1.077" /><testcase classname="tests.test_iter5_calllogs_file.TestCallLogs" name="test_ops_lists_all_same_as_admin" time="0.729" /><testcase classname="tests.test_iter5_calllogs_file.TestFileRole" name="test_ops_patch_allowed" time="0.482" /><testcase classname="tests.test_iter5_calllogs_file.TestCallLogs" name="test_partner_scoped" time="0.931" /><testcase classname="tests.test_iter5_calllogs_file.TestFileRole" name="test_partner_forbidden" time="0.738" /><testcase classname="tests.test_iter5_calllogs_file.TestFileRole" name="test_persistence_via_get" time="0.243" /><testcase classname="tests.test_iter5_calllogs_file.TestCallLogs" name="test_unauthenticated" time="0.109" /></testsuite></testsuites>