<?xml version="1.0" encoding="utf-8"?><testsuites name="pytest tests"><testsuite name="pytest" errors="0" failures="0" skipped="0" tests="4" time="1.884" timestamp="2026-08-17T10:09:05.916132+00:00" hostname="agent-env-eb7c2e85-9ff6-4f08-ab1d-01347ed47aba"><testcase classname="tests.test_iter7_zip_tel.TestDocumentsZip" name="test_admin_zip_download" time="0.589" /><testcase classname="tests.test_iter7_zip_tel.TestDocumentsZip" name="test_partner_forbidden" time="0.470" /><testcase classname="tests.test_iter7_zip_tel.TestDocumentsZip" name="test_single_doc_download_still_works" time="0.236" /><testcase classname="tests.test_iter7_zip_tel.TestDocumentsZip" name="test_zip_literal_not_treated_as_doc_id" time="0.119" /></testsuite></testsuites>