<?xml version="1.0" encoding="utf-8"?><testsuites name="pytest tests"><testsuite name="pytest" errors="0" failures="0" skipped="0" tests="13" time="4.672" timestamp="2026-08-19T05:50:19.119576+00:00" hostname="agent-env-026d0eeb-8759-4f8c-895f-c3836dc37736"><testcase classname="tests.test_iter10_processor_files.TestDefaultProcessorMapping" name="test_admin_can_set_default_processor" time="2.115" /><testcase classname="tests.test_iter10_processor_files.TestDefaultProcessorMapping" name="test_ops_can_set_default_processor" time="0.110" /><testcase classname="tests.test_iter10_processor_files.TestDefaultProcessorMapping" name="test_partner_cannot_set_default_processor" time="0.114" /><testcase classname="tests.test_iter10_processor_files.TestFileStatusAndAutoAssign" name="test_partner_sets_file_with_docs_received_true" time="0.580" /><testcase classname="tests.test_iter10_processor_files.TestFileStatusAndAutoAssign" name="test_admin_manual_override_processor" time="0.101" /><testcase classname="tests.test_iter10_processor_files.TestFileStatusAndAutoAssign" name="test_reverse_to_lead_keeps_no_processor_reassign" time="0.102" /><testcase classname="tests.test_iter10_processor_files.TestProcessorVisibility" name="test_processor_sees_file_in_leads" time="0.368" /><testcase classname="tests.test_iter10_processor_files.TestProcessorVisibility" name="test_processor_can_get_lead_detail" time="0.118" /><testcase classname="tests.test_iter10_processor_files.TestProcessorVisibility" name="test_other_processor_cannot_access" time="0.109" /><testcase classname="tests.test_iter10_processor_files.TestProcessorVisibility" name="test_processor_files_stats" time="0.107" /><testcase classname="tests.test_iter10_processor_files.TestProcessorVisibility" name="test_processor_files_report" time="0.098" /><testcase classname="tests.test_iter10_processor_files.TestProcessorVisibility" name="test_processor_can_update_processing_status" time="0.213" /><testcase classname="tests.test_iter10_processor_files.TestFilesInProgressCounter" name="test_in_progress_increments_on_file_and_decrements_on_reverse" time="0.465" /></testsuite></testsuites>