<?xml version="1.0" encoding="utf-8"?><testsuites name="pytest tests"><testsuite name="pytest" errors="0" failures="0" skipped="0" tests="22" time="9.303" timestamp="2026-08-17T14:18:12.921085+00:00" hostname="agent-env-eb7c2e85-9ff6-4f08-ab1d-01347ed47aba"><testcase classname="tests.test_iter8_processor_delete_reports.TestProcessorLogin" name="test_teja_login" time="0.412" /><testcase classname="tests.test_iter8_processor_delete_reports.TestProcessorLogin" name="test_saikiran_login" time="0.341" /><testcase classname="tests.test_iter8_processor_delete_reports.TestRegisterProcessor" name="test_register_processor_pending" time="1.786" /><testcase classname="tests.test_iter8_processor_delete_reports.TestProcessorsList" name="test_admin_processors" time="0.125" /><testcase classname="tests.test_iter8_processor_delete_reports.TestProcessorsList" name="test_ops_processors" time="0.481" /><testcase classname="tests.test_iter8_processor_delete_reports.TestProcessorsList" name="test_processor_can_see_processors" time="0.472" /><testcase classname="tests.test_iter8_processor_delete_reports.TestProcessorsList" name="test_partner_forbidden" time="0.472" /><testcase classname="tests.test_iter8_processor_delete_reports.TestAssignProcessor" name="test_admin_assigns_processor" time="0.400" /><testcase classname="tests.test_iter8_processor_delete_reports.TestAssignProcessor" name="test_partner_forbidden_to_assign" time="0.297" /><testcase classname="tests.test_iter8_processor_delete_reports.TestAssignProcessor" name="test_processor_can_assign" time="0.445" /><testcase classname="tests.test_iter8_processor_delete_reports.TestFilesReport" name="test_admin_report_structure" time="0.117" /><testcase classname="tests.test_iter8_processor_delete_reports.TestFilesReport" name="test_ops_report" time="0.149" /><testcase classname="tests.test_iter8_processor_delete_reports.TestFilesReport" name="test_report_partner_scoping" time="0.267" /><testcase classname="tests.test_iter8_processor_delete_reports.TestFilesReport" name="test_report_processor_scoping" time="0.321" /><testcase classname="tests.test_iter8_processor_delete_reports.TestFilesReport" name="test_report_filters" time="0.383" /><testcase classname="tests.test_iter8_processor_delete_reports.TestSoftDeleteUser" name="test_admin_cannot_delete_admin" time="0.243" /><testcase classname="tests.test_iter8_processor_delete_reports.TestSoftDeleteUser" name="test_soft_delete_partner" time="1.660" /><testcase classname="tests.test_iter8_processor_delete_reports.TestSoftDeleteUser" name="test_partner_cannot_delete" time="0.283" /><testcase classname="tests.test_iter8_processor_delete_reports.TestRegressions" name="test_call_logs" time="0.114" /><testcase classname="tests.test_iter8_processor_delete_reports.TestRegressions" name="test_files_stats" time="0.150" /><testcase classname="tests.test_iter8_processor_delete_reports.TestRegressions" name="test_leads_list" time="0.144" /><testcase classname="tests.test_iter8_processor_delete_reports.TestRegressions" name="test_file_lead_detail_has_processor_fields" time="0.153" /></testsuite></testsuites>