<?xml version="1.0" encoding="utf-8"?><testsuites name="pytest tests"><testsuite name="pytest" errors="0" failures="1" skipped="0" tests="19" time="4.552" timestamp="2026-08-17T14:29:48.293184+00:00" hostname="agent-env-eb7c2e85-9ff6-4f08-ab1d-01347ed47aba"><testcase classname="tests.test_iter9_dashboard_workload_restore_export.TestProcessorWorkload" name="test_admin" time="0.729" /><testcase classname="tests.test_iter9_dashboard_workload_restore_export.TestLeadStatsFilters" name="test_admin_no_filters" time="0.906" /><testcase classname="tests.test_iter9_dashboard_workload_restore_export.TestLeadStatsFilters" name="test_future_from_date_zero" time="0.315" /><testcase classname="tests.test_iter9_dashboard_workload_restore_export.TestLeadStatsFilters" name="test_to_date_only" time="0.148" /><testcase classname="tests.test_iter9_dashboard_workload_restore_export.TestProcessorWorkload" name="test_ops_allowed" time="0.693" /><testcase classname="tests.test_iter9_dashboard_workload_restore_export.TestLeadStatsFilters" name="test_partner_filter_admin" time="0.549" /><testcase classname="tests.test_iter9_dashboard_workload_restore_export.TestProcessorWorkload" name="test_processor_forbidden" time="0.487" /><testcase classname="tests.test_iter9_dashboard_workload_restore_export.TestProcessorWorkload" name="test_partner_forbidden" time="0.572" /><testcase classname="tests.test_iter9_dashboard_workload_restore_export.TestRegressions" name="test_files_report" time="0.147" /><testcase classname="tests.test_iter9_dashboard_workload_restore_export.TestLeadStatsFilters" name="test_partner_cannot_widen" time="1.022" /><testcase classname="tests.test_iter9_dashboard_workload_restore_export.TestRegressions" name="test_leads_list" time="0.185" /><testcase classname="tests.test_iter9_dashboard_workload_restore_export.TestRegressions" name="test_call_logs" time="0.140" /><testcase classname="tests.test_iter9_dashboard_workload_restore_export.TestExportCsv" name="test_admin_csv" time="0.131" /><testcase classname="tests.test_iter9_dashboard_workload_restore_export.TestRegressions" name="test_processors_list" time="0.180" /><testcase classname="tests.test_iter9_dashboard_workload_restore_export.TestExportCsv" name="test_partner_scoped" time="0.439" /><testcase classname="tests.test_iter9_dashboard_workload_restore_export.TestRestoreUser" name="test_soft_delete_and_restore" time="0.501"><failure message="AssertionError: Test user not found after register&#10;assert None">backend/tests/test_iter9_dashboard_workload_restore_export.py:109: in test_soft_delete_and_restore
    assert u, "Test user not found after register"
E   AssertionError: Test user not found after register
E   assert None</failure></testcase><testcase classname="tests.test_iter9_dashboard_workload_restore_export.TestRestoreUser" name="test_restore_forbidden_for_non_admin" time="0.220" /><testcase classname="tests.test_iter9_dashboard_workload_restore_export.TestExportCsv" name="test_processor_scoped" time="0.607" /><testcase classname="tests.test_iter9_dashboard_workload_restore_export.TestExportCsv" name="test_future_from_date_returns_header_only_or_empty" time="0.130" /></testsuite></testsuites>