<?xml version="1.0" encoding="utf-8"?><testsuites name="pytest tests"><testsuite name="pytest" errors="0" failures="0" skipped="0" tests="16" time="4.461" timestamp="2026-08-17T10:02:34.745400+00:00" hostname="agent-env-eb7c2e85-9ff6-4f08-ab1d-01347ed47aba"><testcase classname="tests.test_iter6_documents.TestDocuments" name="test_admin_upload_pdf" time="1.746" /><testcase classname="tests.test_iter6_documents.TestRegression" name="test_call_logs_admin" time="1.858" /><testcase classname="tests.test_iter6_documents.TestDocuments" name="test_admin_upload_png" time="0.176" /><testcase classname="tests.test_iter6_documents.TestRegression" name="test_files_stats" time="0.126" /><testcase classname="tests.test_iter6_documents.TestDocuments" name="test_ops_upload_jpg" time="0.199" /><testcase classname="tests.test_iter6_documents.TestRegression" name="test_leads_list" time="0.164" /><testcase classname="tests.test_iter6_documents.TestDocuments" name="test_reject_txt" time="0.120" /><testcase classname="tests.test_iter6_documents.TestCallLogging" name="test_log_call_updates_status" time="0.263" /><testcase classname="tests.test_iter6_documents.TestDocuments" name="test_reject_over_10mb" time="0.632" /><testcase classname="tests.test_iter6_documents.TestCallLogging" name="test_not_qualified_requires_reason" time="0.273" /><testcase classname="tests.test_iter6_documents.TestDocuments" name="test_partner_upload_forbidden" time="0.120" /><testcase classname="tests.test_iter6_documents.TestDocuments" name="test_doc_appears_in_lead" time="0.124" /><testcase classname="tests.test_iter6_documents.TestDocuments" name="test_admin_download" time="0.115" /><testcase classname="tests.test_iter6_documents.TestDocuments" name="test_partner_download_forbidden" time="0.113" /><testcase classname="tests.test_iter6_documents.TestDocuments" name="test_partner_delete_forbidden" time="0.120" /><testcase classname="tests.test_iter6_documents.TestDocuments" name="test_admin_delete_cleanup" time="0.485" /></testsuite></testsuites>