<?xml version="1.0" encoding="utf-8"?><testsuites name="pytest tests"><testsuite name="pytest" errors="0" failures="0" skipped="0" tests="11" time="3.385" timestamp="2026-08-19T07:47:34.990953+00:00" hostname="agent-env-026d0eeb-8759-4f8c-895f-c3836dc37736"><testcase classname="tests.test_iter11_file_permissions" name="test_lead_is_file_stage" time="1.584" /><testcase classname="tests.test_iter11_file_permissions" name="test_partner_save_info_banks_preserved" time="0.270" /><testcase classname="tests.test_iter11_file_permissions" name="test_partner_status_forbidden" time="0.112" /><testcase classname="tests.test_iter11_file_permissions" name="test_partner_add_note" time="0.116" /><testcase classname="tests.test_iter11_file_permissions" name="test_ops_save_info_banks_preserved" time="0.283" /><testcase classname="tests.test_iter11_file_permissions" name="test_ops_status_forbidden" time="0.116" /><testcase classname="tests.test_iter11_file_permissions" name="test_ops_add_note" time="0.118" /><testcase classname="tests.test_iter11_file_permissions" name="test_processor_save_banks" time="0.231" /><testcase classname="tests.test_iter11_file_permissions" name="test_processor_status_ok" time="0.110" /><testcase classname="tests.test_iter11_file_permissions" name="test_admin_status_ok" time="0.140" /><testcase classname="tests.test_iter11_file_permissions" name="test_admin_save_banks" time="0.242" /></testsuite></testsuites>