<?xml version="1.0" encoding="utf-8"?><testsuites name="pytest tests"><testsuite name="pytest" errors="0" failures="0" skipped="0" tests="14" time="5.285" timestamp="2026-08-18T05:41:40.142101+00:00" hostname="agent-env-eb7c2e85-9ff6-4f08-ab1d-01347ed47aba"><testcase classname="tests.test_iter8_delete_procstatus.TestSingleDelete" name="test_partner_delete_forbidden" time="1.570" /><testcase classname="tests.test_iter8_delete_procstatus.TestSingleDelete" name="test_ops_delete_forbidden" time="0.120" /><testcase classname="tests.test_iter8_delete_procstatus.TestSingleDelete" name="test_processor_delete_forbidden" time="0.106" /><testcase classname="tests.test_iter8_delete_procstatus.TestSingleDelete" name="test_admin_delete_success_and_excluded" time="0.472" /><testcase classname="tests.test_iter8_delete_procstatus.TestSingleDelete" name="test_admin_delete_nonexistent_404" time="0.098" /><testcase classname="tests.test_iter8_delete_procstatus.TestBulkDelete" name="test_partner_bulk_delete_forbidden" time="0.100" /><testcase classname="tests.test_iter8_delete_procstatus.TestBulkDelete" name="test_admin_bulk_delete_empty_400" time="0.095" /><testcase classname="tests.test_iter8_delete_procstatus.TestBulkDelete" name="test_admin_bulk_delete_success" time="0.608" /><testcase classname="tests.test_iter8_delete_procstatus.TestProcessingStatus" name="test_get_statuses" time="0.110" /><testcase classname="tests.test_iter8_delete_procstatus.TestProcessingStatus" name="test_admin_update_procstatus" time="0.412" /><testcase classname="tests.test_iter8_delete_procstatus.TestProcessingStatus" name="test_ops_update_procstatus" time="0.448" /><testcase classname="tests.test_iter8_delete_procstatus.TestProcessingStatus" name="test_processor_update_procstatus" time="0.388" /><testcase classname="tests.test_iter8_delete_procstatus.TestProcessingStatus" name="test_partner_update_procstatus_forbidden" time="0.304" /><testcase classname="tests.test_iter8_delete_procstatus.TestProcessingStatus" name="test_invalid_procstatus_400" time="0.328" /></testsuite></testsuites>