<?xml version="1.0" encoding="utf-8"?><testsuites name="pytest tests"><testsuite name="pytest" errors="1" failures="0" skipped="0" tests="6" time="11.678" timestamp="2026-08-19T09:44:16.010345+00:00" hostname="agent-env-026d0eeb-8759-4f8c-895f-c3836dc37736"><testcase classname="tests.test_iter12_auto_sync_scheduler" name="test_scheduler_startup_log" time="0.000" /><testcase classname="tests.test_iter12_auto_sync_scheduler" name="test_cron_endpoint_requires_auth" time="0.177" /><testcase classname="tests.test_iter12_auto_sync_scheduler" name="test_cron_endpoint_with_bearer_secret" time="0.209" /><testcase classname="tests.test_iter12_auto_sync_scheduler" name="test_manual_sync_admin" time="0.372"><error message="failed on setup with &quot;AssertionError: No token in response: {'session_token': 'sess_da60d47131164dc7b7bf7c97a605bd36', 'user': {'user_id': 'user_6e98fe0fa909', 'email': 'sasha.sgchr@gmail.com', 'name': 'Admin', 'role': 'admin', 'phone': '', 'picture': '', 'auth_provider': 'password', 'created_at': '2026-08-17T06:14:02.051341+00:00', 'approved': True}}&#10;assert None&quot;">backend/tests/test_iter12_auto_sync_scheduler.py:45: in admin_token
    assert token, f"No token in response: {data}"
E   AssertionError: No token in response: {'session_token': 'sess_da60d47131164dc7b7bf7c97a605bd36', 'user': {'user_id': 'user_6e98fe0fa909', 'email': 'sasha.sgchr@gmail.com', 'name': 'Admin', 'role': 'admin', 'phone': '', 'picture': '', 'auth_provider': 'password', 'created_at': '2026-08-17T06:14:02.051341+00:00', 'approved': True}}
E   assert None</error></testcase><testcase classname="tests.test_iter12_auto_sync_scheduler" name="test_auto_sync_reimports_deleted_lead" time="10.015" /><testcase classname="tests.test_iter12_auto_sync_scheduler" name="test_periodic_ticks_in_log" time="0.000" /></testsuite></testsuites>