<?xml version="1.0" encoding="utf-8"?><testsuites name="pytest tests"><testsuite name="pytest" errors="0" failures="0" skipped="0" tests="21" time="7.570" timestamp="2026-08-17T06:49:27.798822+00:00" hostname="agent-env-eb7c2e85-9ff6-4f08-ab1d-01347ed47aba"><testcase classname="tests.backend_test.TestRegisterApprovalFlow" name="test_register_returns_pending_no_session" time="0.378" /><testcase classname="tests.backend_test.TestRegisterApprovalFlow" name="test_pending_partner_cannot_login" time="0.332" /><testcase classname="tests.backend_test.TestRegisterApprovalFlow" name="test_duplicate_register_rejected" time="0.115" /><testcase classname="tests.backend_test.TestRegisterApprovalFlow" name="test_admin_approve_then_partner_login" time="0.866" /><testcase classname="tests.backend_test.TestUserManagement" name="test_users_list_admin" time="0.128" /><testcase classname="tests.backend_test.TestUserManagement" name="test_users_forbidden_for_ops" time="0.458" /><testcase classname="tests.backend_test.TestUserManagement" name="test_users_forbidden_for_partner" time="0.524" /><testcase classname="tests.backend_test.TestUserManagement" name="test_admin_change_password_invalidates_session" time="1.100" /><testcase classname="tests.backend_test.TestUserManagement" name="test_password_too_short" time="0.097" /><testcase classname="tests.backend_test.TestUserManagement" name="test_admin_revoke_then_partner_cannot_login" time="0.642" /><testcase classname="tests.backend_test.TestLeadsListing" name="test_list_admin_paginated_shape" time="0.116" /><testcase classname="tests.backend_test.TestLeadsListing" name="test_ops_sees_all_leads" time="0.210" /><testcase classname="tests.backend_test.TestLeadsListing" name="test_ops_stats" time="0.100" /><testcase classname="tests.backend_test.TestBulkAssign" name="test_bulk_assign_admin" time="0.521" /><testcase classname="tests.backend_test.TestBulkAssign" name="test_bulk_assign_forbidden_ops" time="0.090" /><testcase classname="tests.backend_test.TestBulkAssign" name="test_bulk_assign_forbidden_partner" time="0.529" /><testcase classname="tests.backend_test.TestBulkAssign" name="test_bulk_assign_empty" time="0.114" /><testcase classname="tests.backend_test.TestRoleIsolation" name="test_partners_forbidden_for_ops" time="0.103" /><testcase classname="tests.backend_test.TestRoleIsolation" name="test_partners_forbidden_for_partner" time="0.535" /><testcase classname="tests.backend_test.TestRoleIsolation" name="test_assign_forbidden_for_ops" time="0.218" /><testcase classname="tests.backend_test.TestConvertedNotification" name="test_mark_lead_converted" time="0.310" /></testsuite></testsuites>