<?xml version="1.0" encoding="utf-8"?><testsuites name="pytest tests"><testsuite name="pytest" errors="0" failures="0" skipped="0" tests="13" time="3.700" timestamp="2026-08-17T06:21:13.338226+00:00" hostname="agent-env-eb7c2e85-9ff6-4f08-ab1d-01347ed47aba"><testcase classname="tests.backend_test.TestAuth" name="test_login_invalid" time="0.376" /><testcase classname="tests.backend_test.TestAuth" name="test_me_admin" time="0.466" /><testcase classname="tests.backend_test.TestAuth" name="test_me_unauth" time="0.092" /><testcase classname="tests.backend_test.TestAuth" name="test_duplicate_register" time="0.438" /><testcase classname="tests.backend_test.TestLeads" name="test_stats_admin" time="0.129" /><testcase classname="tests.backend_test.TestLeads" name="test_list_admin" time="0.139" /><testcase classname="tests.backend_test.TestLeads" name="test_list_partner_scoped" time="0.126" /><testcase classname="tests.backend_test.TestLeads" name="test_manual_sync" time="0.560" /><testcase classname="tests.backend_test.TestAssignFlow" name="test_assign_admin_and_partner_scope" time="0.794" /><testcase classname="tests.backend_test.TestAssignFlow" name="test_partner_cannot_access_other_lead" time="0.222" /><testcase classname="tests.backend_test.TestPartners" name="test_list_partners" time="0.102" /><testcase classname="tests.backend_test.TestCron" name="test_cron_requires_secret" time="0.097" /><testcase classname="tests.backend_test.TestCron" name="test_cron_wrong_secret" time="0.087" /></testsuite></testsuites>